<?xml version="1.0" encoding="UTF-8"?>
<testsuite name="cr.una.taskapp.backend.dao.TimeSheetDaoTest" tests="6" skipped="0" failures="0" errors="0" timestamp="2020-10-05T20:58:32" hostname="gmb" time="0.488">
  <properties/>
  <testcase name="testFindAll" classname="cr.una.taskapp.backend.dao.TimeSheetDaoTest" time="0.361"/>
  <testcase name="testFindById" classname="cr.una.taskapp.backend.dao.TimeSheetDaoTest" time="0.028"/>
  <testcase name="testDeleteById" classname="cr.una.taskapp.backend.dao.TimeSheetDaoTest" time="0.029"/>
  <testcase name="testCreate" classname="cr.una.taskapp.backend.dao.TimeSheetDaoTest" time="0.028"/>
  <testcase name="testDelete" classname="cr.una.taskapp.backend.dao.TimeSheetDaoTest" time="0.007"/>
  <testcase name="testUpdate" classname="cr.una.taskapp.backend.dao.TimeSheetDaoTest" time="0.03"/>
  <system-out><![CDATA[14:58:26.658 [Test worker] DEBUG org.springframework.test.annotation.ProfileValueUtils - Retrieved @ProfileValueSourceConfiguration [null] for test class [cr.una.taskapp.backend.dao.TimeSheetDaoTest]
14:58:26.658 [Test worker] DEBUG org.springframework.test.annotation.ProfileValueUtils - Retrieved ProfileValueSource type [class org.springframework.test.annotation.SystemProfileValueSource] for class [cr.una.taskapp.backend.dao.TimeSheetDaoTest]
14:58:26.659 [Test worker] DEBUG org.springframework.test.annotation.ProfileValueUtils - Retrieved @ProfileValueSourceConfiguration [null] for test class [cr.una.taskapp.backend.dao.TimeSheetDaoTest]
14:58:26.659 [Test worker] DEBUG org.springframework.test.annotation.ProfileValueUtils - Retrieved ProfileValueSource type [class org.springframework.test.annotation.SystemProfileValueSource] for class [cr.una.taskapp.backend.dao.TimeSheetDaoTest]
14:58:26.666 [Test worker] DEBUG org.springframework.test.context.support.AbstractDirtiesContextTestExecutionListener - Before test class: context [DefaultTestContext@256fd27c testClass = TimeSheetDaoTest, testInstance = [null], testMethod = [null], testException = [null], mergedContextConfiguration = [WebMergedContextConfiguration@7268633b testClass = TimeSheetDaoTest, locations = '{}', classes = '{class cr.una.taskapp.backend.TaskappApplication}', contextInitializerClasses = '[]', activeProfiles = '{}', propertySourceLocations = '{}', propertySourceProperties = '{org.springframework.boot.test.context.SpringBootTestContextBootstrapper=true}', contextCustomizers = set[org.springframework.boot.test.autoconfigure.properties.PropertyMappingContextCustomizer@0, org.springframework.boot.test.autoconfigure.web.servlet.WebDriverContextCustomizerFactory$Customizer@1def2a2e, org.springframework.boot.test.context.filter.ExcludeFilterContextCustomizer@33722380, org.springframework.boot.test.json.DuplicateJsonObjectContextCustomizerFactory$DuplicateJsonObjectContextCustomizer@331856d1, org.springframework.boot.test.mock.mockito.MockitoContextCustomizer@0, org.springframework.boot.test.web.client.TestRestTemplateContextCustomizer@34b359ae, org.springframework.boot.test.context.SpringBootTestArgs@1], resourceBasePath = 'src/main/webapp', contextLoader = 'org.springframework.boot.test.context.SpringBootContextLoader', parent = [null]], attributes = map['org.springframework.test.context.web.ServletTestExecutionListener.activateListener' -> true]], class annotated with @DirtiesContext [false] with mode [null].
14:58:26.668 [Test worker] DEBUG org.springframework.test.annotation.ProfileValueUtils - Retrieved @ProfileValueSourceConfiguration [null] for test class [cr.una.taskapp.backend.dao.TimeSheetDaoTest]
14:58:26.669 [Test worker] DEBUG org.springframework.test.annotation.ProfileValueUtils - Retrieved ProfileValueSource type [class org.springframework.test.annotation.SystemProfileValueSource] for class [cr.una.taskapp.backend.dao.TimeSheetDaoTest]
14:58:26.697 [Test worker] DEBUG org.springframework.test.context.support.TestPropertySourceUtils - Adding inlined properties to environment: {spring.jmx.enabled=false, org.springframework.boot.test.context.SpringBootTestContextBootstrapper=true}

  .   ____          _            __ _ _
 /\\ / ___'_ __ _ _(_)_ __  __ _ \ \ \ \
( ( )\___ | '_ | '_| | '_ \/ _` | \ \ \ \
 \\/  ___)| |_)| | | | | || (_| |  ) ) ) )
  '  |____| .__|_| |_|_| |_\__, | / / / /
 =========|_|==============|___/=/_/_/_/
 :: Spring Boot ::        (v2.3.3.RELEASE)

2020-10-05 14:58:27.058  INFO 57316 --- [    Test worker] c.u.t.backend.dao.TimeSheetDaoTest       : Starting TimeSheetDaoTest on gmb with PID 57316 (started by gabriel in /home/gabriel/Documents/Personales/UNA/Desarrollo Web Avanzado/Proyecto/webdev-project-backend-alpha)
2020-10-05 14:58:27.060  INFO 57316 --- [    Test worker] c.u.t.backend.dao.TimeSheetDaoTest       : No active profile set, falling back to default profiles: default
2020-10-05 14:58:28.175  INFO 57316 --- [    Test worker] .s.d.r.c.RepositoryConfigurationDelegate : Bootstrapping Spring Data JPA repositories in DEFERRED mode.
2020-10-05 14:58:28.218  INFO 57316 --- [    Test worker] .s.d.r.c.RepositoryConfigurationDelegate : Finished Spring Data repository scanning in 31ms. Found 0 JPA repository interfaces.
2020-10-05 14:58:28.976  INFO 57316 --- [    Test worker] org.hibernate.Version                    : HHH000412: Hibernate ORM core version 5.4.20.Final
2020-10-05 14:58:29.176  INFO 57316 --- [    Test worker] o.hibernate.annotations.common.Version   : HCANN000001: Hibernate Commons Annotations {5.1.0.Final}
2020-10-05 14:58:29.482  INFO 57316 --- [    Test worker] org.hibernate.dialect.Dialect            : HHH000400: Using dialect: org.hibernate.dialect.PostgreSQLDialect
2020-10-05 14:58:30.285  INFO 57316 --- [    Test worker] o.h.e.t.j.p.i.JtaPlatformInitiator       : HHH000490: Using JtaPlatform implementation: [org.hibernate.engine.transaction.jta.platform.internal.NoJtaPlatform]
2020-10-05 14:58:31.158  INFO 57316 --- [    Test worker] o.s.s.web.DefaultSecurityFilterChain     : Creating filter chain: any request, [org.springframework.security.web.context.request.async.WebAsyncManagerIntegrationFilter@3cc55a51, org.springframework.security.web.context.SecurityContextPersistenceFilter@75ec2aa3, org.springframework.security.web.header.HeaderWriterFilter@1b20080, org.springframework.web.filter.CorsFilter@6d219b7d, org.springframework.security.web.authentication.logout.LogoutFilter@11925a7d, cr.una.taskapp.backend.security.JWTAuthenticationFilter@7fc94572, cr.una.taskapp.backend.security.JWTAuthorizationFilter@1d69133c, org.springframework.security.web.savedrequest.RequestCacheAwareFilter@73783cc6, org.springframework.security.web.servletapi.SecurityContextHolderAwareRequestFilter@78437559, org.springframework.security.web.authentication.AnonymousAuthenticationFilter@be8d512, org.springframework.security.web.session.SessionManagementFilter@4e629f4a, org.springframework.security.web.access.ExceptionTranslationFilter@69431899, org.springframework.security.web.access.intercept.FilterSecurityInterceptor@5f3aa6]
2020-10-05 14:58:31.722  INFO 57316 --- [    Test worker] o.s.s.concurrent.ThreadPoolTaskExecutor  : Initializing ExecutorService 'applicationTaskExecutor'
2020-10-05 14:58:32.645  INFO 57316 --- [    Test worker] o.s.b.a.e.web.EndpointLinksResolver      : Exposing 2 endpoint(s) beneath base path '/actuator'
2020-10-05 14:58:32.705  INFO 57316 --- [    Test worker] DeferredRepositoryInitializationListener : Triggering deferred initialization of Spring Data repositories…
2020-10-05 14:58:32.706  INFO 57316 --- [    Test worker] DeferredRepositoryInitializationListener : Spring Data repositories initialized!
2020-10-05 14:58:32.723  INFO 57316 --- [    Test worker] c.u.t.backend.dao.TimeSheetDaoTest       : Started TimeSheetDaoTest in 6.014 seconds (JVM running for 7.782)
2020-10-05 14:58:32.855  INFO 57316 --- [    Test worker] o.s.t.c.transaction.TransactionContext   : Began transaction (1) for test context [DefaultTestContext@256fd27c testClass = TimeSheetDaoTest, testInstance = cr.una.taskapp.backend.dao.TimeSheetDaoTest@691181b2, testMethod = testFindAll@TimeSheetDaoTest, testException = [null], mergedContextConfiguration = [WebMergedContextConfiguration@7268633b testClass = TimeSheetDaoTest, locations = '{}', classes = '{class cr.una.taskapp.backend.TaskappApplication}', contextInitializerClasses = '[]', activeProfiles = '{}', propertySourceLocations = '{}', propertySourceProperties = '{org.springframework.boot.test.context.SpringBootTestContextBootstrapper=true}', contextCustomizers = set[org.springframework.boot.test.autoconfigure.properties.PropertyMappingContextCustomizer@0, org.springframework.boot.test.autoconfigure.web.servlet.WebDriverContextCustomizerFactory$Customizer@1def2a2e, org.springframework.boot.test.context.filter.ExcludeFilterContextCustomizer@33722380, org.springframework.boot.test.json.DuplicateJsonObjectContextCustomizerFactory$DuplicateJsonObjectContextCustomizer@331856d1, org.springframework.boot.test.mock.mockito.MockitoContextCustomizer@0, org.springframework.boot.test.web.client.TestRestTemplateContextCustomizer@34b359ae, org.springframework.boot.test.context.SpringBootTestArgs@1], resourceBasePath = 'src/main/webapp', contextLoader = 'org.springframework.boot.test.context.SpringBootContextLoader', parent = [null]], attributes = map['org.springframework.test.context.web.ServletTestExecutionListener.activateListener' -> true, 'org.springframework.test.context.web.ServletTestExecutionListener.populatedRequestContextHolder' -> true, 'org.springframework.test.context.web.ServletTestExecutionListener.resetRequestContextHolder' -> true]]; transaction manager [org.springframework.orm.hibernate5.HibernateTransactionManager@304768cb]; rollback [true]
2020-10-05 14:58:33.127  INFO 57316 --- [    Test worker] o.s.t.c.transaction.TransactionContext   : Rolled back transaction for test: [DefaultTestContext@256fd27c testClass = TimeSheetDaoTest, testInstance = cr.una.taskapp.backend.dao.TimeSheetDaoTest@691181b2, testMethod = testFindAll@TimeSheetDaoTest, testException = [null], mergedContextConfiguration = [WebMergedContextConfiguration@7268633b testClass = TimeSheetDaoTest, locations = '{}', classes = '{class cr.una.taskapp.backend.TaskappApplication}', contextInitializerClasses = '[]', activeProfiles = '{}', propertySourceLocations = '{}', propertySourceProperties = '{org.springframework.boot.test.context.SpringBootTestContextBootstrapper=true}', contextCustomizers = set[org.springframework.boot.test.autoconfigure.properties.PropertyMappingContextCustomizer@0, org.springframework.boot.test.autoconfigure.web.servlet.WebDriverContextCustomizerFactory$Customizer@1def2a2e, org.springframework.boot.test.context.filter.ExcludeFilterContextCustomizer@33722380, org.springframework.boot.test.json.DuplicateJsonObjectContextCustomizerFactory$DuplicateJsonObjectContextCustomizer@331856d1, org.springframework.boot.test.mock.mockito.MockitoContextCustomizer@0, org.springframework.boot.test.web.client.TestRestTemplateContextCustomizer@34b359ae, org.springframework.boot.test.context.SpringBootTestArgs@1], resourceBasePath = 'src/main/webapp', contextLoader = 'org.springframework.boot.test.context.SpringBootContextLoader', parent = [null]], attributes = map['org.springframework.test.context.web.ServletTestExecutionListener.activateListener' -> true, 'org.springframework.test.context.web.ServletTestExecutionListener.populatedRequestContextHolder' -> true, 'org.springframework.test.context.web.ServletTestExecutionListener.resetRequestContextHolder' -> true]]
2020-10-05 14:58:33.133  INFO 57316 --- [    Test worker] o.s.t.c.transaction.TransactionContext   : Began transaction (1) for test context [DefaultTestContext@256fd27c testClass = TimeSheetDaoTest, testInstance = cr.una.taskapp.backend.dao.TimeSheetDaoTest@34b479d3, testMethod = testFindById@TimeSheetDaoTest, testException = [null], mergedContextConfiguration = [WebMergedContextConfiguration@7268633b testClass = TimeSheetDaoTest, locations = '{}', classes = '{class cr.una.taskapp.backend.TaskappApplication}', contextInitializerClasses = '[]', activeProfiles = '{}', propertySourceLocations = '{}', propertySourceProperties = '{org.springframework.boot.test.context.SpringBootTestContextBootstrapper=true}', contextCustomizers = set[org.springframework.boot.test.autoconfigure.properties.PropertyMappingContextCustomizer@0, org.springframework.boot.test.autoconfigure.web.servlet.WebDriverContextCustomizerFactory$Customizer@1def2a2e, org.springframework.boot.test.context.filter.ExcludeFilterContextCustomizer@33722380, org.springframework.boot.test.json.DuplicateJsonObjectContextCustomizerFactory$DuplicateJsonObjectContextCustomizer@331856d1, org.springframework.boot.test.mock.mockito.MockitoContextCustomizer@0, org.springframework.boot.test.web.client.TestRestTemplateContextCustomizer@34b359ae, org.springframework.boot.test.context.SpringBootTestArgs@1], resourceBasePath = 'src/main/webapp', contextLoader = 'org.springframework.boot.test.context.SpringBootContextLoader', parent = [null]], attributes = map['org.springframework.test.context.web.ServletTestExecutionListener.activateListener' -> true, 'org.springframework.test.context.web.ServletTestExecutionListener.populatedRequestContextHolder' -> true, 'org.springframework.test.context.web.ServletTestExecutionListener.resetRequestContextHolder' -> true]]; transaction manager [org.springframework.orm.hibernate5.HibernateTransactionManager@304768cb]; rollback [true]
2020-10-05 14:58:33.159  INFO 57316 --- [    Test worker] o.s.t.c.transaction.TransactionContext   : Rolled back transaction for test: [DefaultTestContext@256fd27c testClass = TimeSheetDaoTest, testInstance = cr.una.taskapp.backend.dao.TimeSheetDaoTest@34b479d3, testMethod = testFindById@TimeSheetDaoTest, testException = [null], mergedContextConfiguration = [WebMergedContextConfiguration@7268633b testClass = TimeSheetDaoTest, locations = '{}', classes = '{class cr.una.taskapp.backend.TaskappApplication}', contextInitializerClasses = '[]', activeProfiles = '{}', propertySourceLocations = '{}', propertySourceProperties = '{org.springframework.boot.test.context.SpringBootTestContextBootstrapper=true}', contextCustomizers = set[org.springframework.boot.test.autoconfigure.properties.PropertyMappingContextCustomizer@0, org.springframework.boot.test.autoconfigure.web.servlet.WebDriverContextCustomizerFactory$Customizer@1def2a2e, org.springframework.boot.test.context.filter.ExcludeFilterContextCustomizer@33722380, org.springframework.boot.test.json.DuplicateJsonObjectContextCustomizerFactory$DuplicateJsonObjectContextCustomizer@331856d1, org.springframework.boot.test.mock.mockito.MockitoContextCustomizer@0, org.springframework.boot.test.web.client.TestRestTemplateContextCustomizer@34b359ae, org.springframework.boot.test.context.SpringBootTestArgs@1], resourceBasePath = 'src/main/webapp', contextLoader = 'org.springframework.boot.test.context.SpringBootContextLoader', parent = [null]], attributes = map['org.springframework.test.context.web.ServletTestExecutionListener.activateListener' -> true, 'org.springframework.test.context.web.ServletTestExecutionListener.populatedRequestContextHolder' -> true, 'org.springframework.test.context.web.ServletTestExecutionListener.resetRequestContextHolder' -> true]]
2020-10-05 14:58:33.164  INFO 57316 --- [    Test worker] o.s.t.c.transaction.TransactionContext   : Began transaction (1) for test context [DefaultTestContext@256fd27c testClass = TimeSheetDaoTest, testInstance = cr.una.taskapp.backend.dao.TimeSheetDaoTest@54ecea27, testMethod = testDeleteById@TimeSheetDaoTest, testException = [null], mergedContextConfiguration = [WebMergedContextConfiguration@7268633b testClass = TimeSheetDaoTest, locations = '{}', classes = '{class cr.una.taskapp.backend.TaskappApplication}', contextInitializerClasses = '[]', activeProfiles = '{}', propertySourceLocations = '{}', propertySourceProperties = '{org.springframework.boot.test.context.SpringBootTestContextBootstrapper=true}', contextCustomizers = set[org.springframework.boot.test.autoconfigure.properties.PropertyMappingContextCustomizer@0, org.springframework.boot.test.autoconfigure.web.servlet.WebDriverContextCustomizerFactory$Customizer@1def2a2e, org.springframework.boot.test.context.filter.ExcludeFilterContextCustomizer@33722380, org.springframework.boot.test.json.DuplicateJsonObjectContextCustomizerFactory$DuplicateJsonObjectContextCustomizer@331856d1, org.springframework.boot.test.mock.mockito.MockitoContextCustomizer@0, org.springframework.boot.test.web.client.TestRestTemplateContextCustomizer@34b359ae, org.springframework.boot.test.context.SpringBootTestArgs@1], resourceBasePath = 'src/main/webapp', contextLoader = 'org.springframework.boot.test.context.SpringBootContextLoader', parent = [null]], attributes = map['org.springframework.test.context.web.ServletTestExecutionListener.activateListener' -> true, 'org.springframework.test.context.web.ServletTestExecutionListener.populatedRequestContextHolder' -> true, 'org.springframework.test.context.web.ServletTestExecutionListener.resetRequestContextHolder' -> true]]; transaction manager [org.springframework.orm.hibernate5.HibernateTransactionManager@304768cb]; rollback [true]
2020-10-05 14:58:33.189  INFO 57316 --- [    Test worker] o.s.t.c.transaction.TransactionContext   : Rolled back transaction for test: [DefaultTestContext@256fd27c testClass = TimeSheetDaoTest, testInstance = cr.una.taskapp.backend.dao.TimeSheetDaoTest@54ecea27, testMethod = testDeleteById@TimeSheetDaoTest, testException = [null], mergedContextConfiguration = [WebMergedContextConfiguration@7268633b testClass = TimeSheetDaoTest, locations = '{}', classes = '{class cr.una.taskapp.backend.TaskappApplication}', contextInitializerClasses = '[]', activeProfiles = '{}', propertySourceLocations = '{}', propertySourceProperties = '{org.springframework.boot.test.context.SpringBootTestContextBootstrapper=true}', contextCustomizers = set[org.springframework.boot.test.autoconfigure.properties.PropertyMappingContextCustomizer@0, org.springframework.boot.test.autoconfigure.web.servlet.WebDriverContextCustomizerFactory$Customizer@1def2a2e, org.springframework.boot.test.context.filter.ExcludeFilterContextCustomizer@33722380, org.springframework.boot.test.json.DuplicateJsonObjectContextCustomizerFactory$DuplicateJsonObjectContextCustomizer@331856d1, org.springframework.boot.test.mock.mockito.MockitoContextCustomizer@0, org.springframework.boot.test.web.client.TestRestTemplateContextCustomizer@34b359ae, org.springframework.boot.test.context.SpringBootTestArgs@1], resourceBasePath = 'src/main/webapp', contextLoader = 'org.springframework.boot.test.context.SpringBootContextLoader', parent = [null]], attributes = map['org.springframework.test.context.web.ServletTestExecutionListener.activateListener' -> true, 'org.springframework.test.context.web.ServletTestExecutionListener.populatedRequestContextHolder' -> true, 'org.springframework.test.context.web.ServletTestExecutionListener.resetRequestContextHolder' -> true]]
2020-10-05 14:58:33.192  INFO 57316 --- [    Test worker] o.s.t.c.transaction.TransactionContext   : Began transaction (1) for test context [DefaultTestContext@256fd27c testClass = TimeSheetDaoTest, testInstance = cr.una.taskapp.backend.dao.TimeSheetDaoTest@738479cc, testMethod = testCreate@TimeSheetDaoTest, testException = [null], mergedContextConfiguration = [WebMergedContextConfiguration@7268633b testClass = TimeSheetDaoTest, locations = '{}', classes = '{class cr.una.taskapp.backend.TaskappApplication}', contextInitializerClasses = '[]', activeProfiles = '{}', propertySourceLocations = '{}', propertySourceProperties = '{org.springframework.boot.test.context.SpringBootTestContextBootstrapper=true}', contextCustomizers = set[org.springframework.boot.test.autoconfigure.properties.PropertyMappingContextCustomizer@0, org.springframework.boot.test.autoconfigure.web.servlet.WebDriverContextCustomizerFactory$Customizer@1def2a2e, org.springframework.boot.test.context.filter.ExcludeFilterContextCustomizer@33722380, org.springframework.boot.test.json.DuplicateJsonObjectContextCustomizerFactory$DuplicateJsonObjectContextCustomizer@331856d1, org.springframework.boot.test.mock.mockito.MockitoContextCustomizer@0, org.springframework.boot.test.web.client.TestRestTemplateContextCustomizer@34b359ae, org.springframework.boot.test.context.SpringBootTestArgs@1], resourceBasePath = 'src/main/webapp', contextLoader = 'org.springframework.boot.test.context.SpringBootContextLoader', parent = [null]], attributes = map['org.springframework.test.context.web.ServletTestExecutionListener.activateListener' -> true, 'org.springframework.test.context.web.ServletTestExecutionListener.populatedRequestContextHolder' -> true, 'org.springframework.test.context.web.ServletTestExecutionListener.resetRequestContextHolder' -> true]]; transaction manager [org.springframework.orm.hibernate5.HibernateTransactionManager@304768cb]; rollback [true]
2020-10-05 14:58:33.219  INFO 57316 --- [    Test worker] o.s.t.c.transaction.TransactionContext   : Rolled back transaction for test: [DefaultTestContext@256fd27c testClass = TimeSheetDaoTest, testInstance = cr.una.taskapp.backend.dao.TimeSheetDaoTest@738479cc, testMethod = testCreate@TimeSheetDaoTest, testException = [null], mergedContextConfiguration = [WebMergedContextConfiguration@7268633b testClass = TimeSheetDaoTest, locations = '{}', classes = '{class cr.una.taskapp.backend.TaskappApplication}', contextInitializerClasses = '[]', activeProfiles = '{}', propertySourceLocations = '{}', propertySourceProperties = '{org.springframework.boot.test.context.SpringBootTestContextBootstrapper=true}', contextCustomizers = set[org.springframework.boot.test.autoconfigure.properties.PropertyMappingContextCustomizer@0, org.springframework.boot.test.autoconfigure.web.servlet.WebDriverContextCustomizerFactory$Customizer@1def2a2e, org.springframework.boot.test.context.filter.ExcludeFilterContextCustomizer@33722380, org.springframework.boot.test.json.DuplicateJsonObjectContextCustomizerFactory$DuplicateJsonObjectContextCustomizer@331856d1, org.springframework.boot.test.mock.mockito.MockitoContextCustomizer@0, org.springframework.boot.test.web.client.TestRestTemplateContextCustomizer@34b359ae, org.springframework.boot.test.context.SpringBootTestArgs@1], resourceBasePath = 'src/main/webapp', contextLoader = 'org.springframework.boot.test.context.SpringBootContextLoader', parent = [null]], attributes = map['org.springframework.test.context.web.ServletTestExecutionListener.activateListener' -> true, 'org.springframework.test.context.web.ServletTestExecutionListener.populatedRequestContextHolder' -> true, 'org.springframework.test.context.web.ServletTestExecutionListener.resetRequestContextHolder' -> true]]
2020-10-05 14:58:33.221  INFO 57316 --- [    Test worker] o.s.t.c.transaction.TransactionContext   : Began transaction (1) for test context [DefaultTestContext@256fd27c testClass = TimeSheetDaoTest, testInstance = cr.una.taskapp.backend.dao.TimeSheetDaoTest@1cc785c5, testMethod = testDelete@TimeSheetDaoTest, testException = [null], mergedContextConfiguration = [WebMergedContextConfiguration@7268633b testClass = TimeSheetDaoTest, locations = '{}', classes = '{class cr.una.taskapp.backend.TaskappApplication}', contextInitializerClasses = '[]', activeProfiles = '{}', propertySourceLocations = '{}', propertySourceProperties = '{org.springframework.boot.test.context.SpringBootTestContextBootstrapper=true}', contextCustomizers = set[org.springframework.boot.test.autoconfigure.properties.PropertyMappingContextCustomizer@0, org.springframework.boot.test.autoconfigure.web.servlet.WebDriverContextCustomizerFactory$Customizer@1def2a2e, org.springframework.boot.test.context.filter.ExcludeFilterContextCustomizer@33722380, org.springframework.boot.test.json.DuplicateJsonObjectContextCustomizerFactory$DuplicateJsonObjectContextCustomizer@331856d1, org.springframework.boot.test.mock.mockito.MockitoContextCustomizer@0, org.springframework.boot.test.web.client.TestRestTemplateContextCustomizer@34b359ae, org.springframework.boot.test.context.SpringBootTestArgs@1], resourceBasePath = 'src/main/webapp', contextLoader = 'org.springframework.boot.test.context.SpringBootContextLoader', parent = [null]], attributes = map['org.springframework.test.context.web.ServletTestExecutionListener.activateListener' -> true, 'org.springframework.test.context.web.ServletTestExecutionListener.populatedRequestContextHolder' -> true, 'org.springframework.test.context.web.ServletTestExecutionListener.resetRequestContextHolder' -> true]]; transaction manager [org.springframework.orm.hibernate5.HibernateTransactionManager@304768cb]; rollback [true]
2020-10-05 14:58:33.227  INFO 57316 --- [    Test worker] o.s.t.c.transaction.TransactionContext   : Rolled back transaction for test: [DefaultTestContext@256fd27c testClass = TimeSheetDaoTest, testInstance = cr.una.taskapp.backend.dao.TimeSheetDaoTest@1cc785c5, testMethod = testDelete@TimeSheetDaoTest, testException = [null], mergedContextConfiguration = [WebMergedContextConfiguration@7268633b testClass = TimeSheetDaoTest, locations = '{}', classes = '{class cr.una.taskapp.backend.TaskappApplication}', contextInitializerClasses = '[]', activeProfiles = '{}', propertySourceLocations = '{}', propertySourceProperties = '{org.springframework.boot.test.context.SpringBootTestContextBootstrapper=true}', contextCustomizers = set[org.springframework.boot.test.autoconfigure.properties.PropertyMappingContextCustomizer@0, org.springframework.boot.test.autoconfigure.web.servlet.WebDriverContextCustomizerFactory$Customizer@1def2a2e, org.springframework.boot.test.context.filter.ExcludeFilterContextCustomizer@33722380, org.springframework.boot.test.json.DuplicateJsonObjectContextCustomizerFactory$DuplicateJsonObjectContextCustomizer@331856d1, org.springframework.boot.test.mock.mockito.MockitoContextCustomizer@0, org.springframework.boot.test.web.client.TestRestTemplateContextCustomizer@34b359ae, org.springframework.boot.test.context.SpringBootTestArgs@1], resourceBasePath = 'src/main/webapp', contextLoader = 'org.springframework.boot.test.context.SpringBootContextLoader', parent = [null]], attributes = map['org.springframework.test.context.web.ServletTestExecutionListener.activateListener' -> true, 'org.springframework.test.context.web.ServletTestExecutionListener.populatedRequestContextHolder' -> true, 'org.springframework.test.context.web.ServletTestExecutionListener.resetRequestContextHolder' -> true]]
2020-10-05 14:58:33.234  INFO 57316 --- [    Test worker] o.s.t.c.transaction.TransactionContext   : Began transaction (1) for test context [DefaultTestContext@256fd27c testClass = TimeSheetDaoTest, testInstance = cr.una.taskapp.backend.dao.TimeSheetDaoTest@731b795b, testMethod = testUpdate@TimeSheetDaoTest, testException = [null], mergedContextConfiguration = [WebMergedContextConfiguration@7268633b testClass = TimeSheetDaoTest, locations = '{}', classes = '{class cr.una.taskapp.backend.TaskappApplication}', contextInitializerClasses = '[]', activeProfiles = '{}', propertySourceLocations = '{}', propertySourceProperties = '{org.springframework.boot.test.context.SpringBootTestContextBootstrapper=true}', contextCustomizers = set[org.springframework.boot.test.autoconfigure.properties.PropertyMappingContextCustomizer@0, org.springframework.boot.test.autoconfigure.web.servlet.WebDriverContextCustomizerFactory$Customizer@1def2a2e, org.springframework.boot.test.context.filter.ExcludeFilterContextCustomizer@33722380, org.springframework.boot.test.json.DuplicateJsonObjectContextCustomizerFactory$DuplicateJsonObjectContextCustomizer@331856d1, org.springframework.boot.test.mock.mockito.MockitoContextCustomizer@0, org.springframework.boot.test.web.client.TestRestTemplateContextCustomizer@34b359ae, org.springframework.boot.test.context.SpringBootTestArgs@1], resourceBasePath = 'src/main/webapp', contextLoader = 'org.springframework.boot.test.context.SpringBootContextLoader', parent = [null]], attributes = map['org.springframework.test.context.web.ServletTestExecutionListener.activateListener' -> true, 'org.springframework.test.context.web.ServletTestExecutionListener.populatedRequestContextHolder' -> true, 'org.springframework.test.context.web.ServletTestExecutionListener.resetRequestContextHolder' -> true]]; transaction manager [org.springframework.orm.hibernate5.HibernateTransactionManager@304768cb]; rollback [true]
2020-10-05 14:58:33.257  INFO 57316 --- [    Test worker] o.s.t.c.transaction.TransactionContext   : Rolled back transaction for test: [DefaultTestContext@256fd27c testClass = TimeSheetDaoTest, testInstance = cr.una.taskapp.backend.dao.TimeSheetDaoTest@731b795b, testMethod = testUpdate@TimeSheetDaoTest, testException = [null], mergedContextConfiguration = [WebMergedContextConfiguration@7268633b testClass = TimeSheetDaoTest, locations = '{}', classes = '{class cr.una.taskapp.backend.TaskappApplication}', contextInitializerClasses = '[]', activeProfiles = '{}', propertySourceLocations = '{}', propertySourceProperties = '{org.springframework.boot.test.context.SpringBootTestContextBootstrapper=true}', contextCustomizers = set[org.springframework.boot.test.autoconfigure.properties.PropertyMappingContextCustomizer@0, org.springframework.boot.test.autoconfigure.web.servlet.WebDriverContextCustomizerFactory$Customizer@1def2a2e, org.springframework.boot.test.context.filter.ExcludeFilterContextCustomizer@33722380, org.springframework.boot.test.json.DuplicateJsonObjectContextCustomizerFactory$DuplicateJsonObjectContextCustomizer@331856d1, org.springframework.boot.test.mock.mockito.MockitoContextCustomizer@0, org.springframework.boot.test.web.client.TestRestTemplateContextCustomizer@34b359ae, org.springframework.boot.test.context.SpringBootTestArgs@1], resourceBasePath = 'src/main/webapp', contextLoader = 'org.springframework.boot.test.context.SpringBootContextLoader', parent = [null]], attributes = map['org.springframework.test.context.web.ServletTestExecutionListener.activateListener' -> true, 'org.springframework.test.context.web.ServletTestExecutionListener.populatedRequestContextHolder' -> true, 'org.springframework.test.context.web.ServletTestExecutionListener.resetRequestContextHolder' -> true]]
]]></system-out>
  <system-err><![CDATA[]]></system-err>
</testsuite>
